<?xml version="1.0" encoding="UTF-8"?>
<robot generator="Robot 4.1.3 (Python 3.8.10 on linux)" generated="20220324 18:39:02.370" rpa="false" schemaversion="2">
<suite id="s1" name="Login" source="/home/bjit/PycharmProjects/robotproject/testproject/login.robot">
<test id="s1-t1" name="MyFirsttest">
<kw name="Log" library="BuiltIn">
<arg>Hello World...</arg>
<doc>Logs the given message with the given level.</doc>
<msg timestamp="20220324 18:39:02.497" level="INFO">Hello World...</msg>
<status status="PASS" starttime="20220324 18:39:02.497" endtime="20220324 18:39:02.497"/>
</kw>
<status status="PASS" starttime="20220324 18:39:02.496" endtime="20220324 18:39:02.497"/>
</test>
<test id="s1-t2" name="FirstSeleniumTest">
<kw name="Open Browser" library="SeleniumLibrary">
<arg>https:google.com</arg>
<arg>chrome</arg>
<doc>Opens a new browser instance to the optional ``url``.</doc>
<msg timestamp="20220324 18:39:02.498" level="INFO">Opening browser 'chrome' to base url 'https:google.com'.</msg>
<status status="PASS" starttime="20220324 18:39:02.498" endtime="20220324 18:39:04.766"/>
</kw>
<kw name="Set Browser Implicit Wait" library="SeleniumLibrary">
<arg>10</arg>
<doc>Sets the implicit wait value used by Selenium.</doc>
<status status="PASS" starttime="20220324 18:39:04.766" endtime="20220324 18:39:04.767"/>
</kw>
<kw name="Maximize Browser Window" library="SeleniumLibrary">
<doc>Maximizes current browser window.</doc>
<status status="PASS" starttime="20220324 18:39:04.767" endtime="20220324 18:39:04.875"/>
</kw>
<kw name="Close Browser" library="SeleniumLibrary">
<doc>Closes the current browser.</doc>
<status status="PASS" starttime="20220324 18:39:04.876" endtime="20220324 18:39:04.936"/>
</kw>
<status status="PASS" starttime="20220324 18:39:02.497" endtime="20220324 18:39:04.936"/>
</test>
<test id="s1-t3" name="SampleLoginTest">
<kw name="Open Browser" library="SeleniumLibrary">
<arg>${URL}</arg>
<arg>${Browser}</arg>
<doc>Opens a new browser instance to the optional ``url``.</doc>
<msg timestamp="20220324 18:39:04.937" level="INFO">Opening browser 'Chrome' to base url 'https://opensource-demo.orangehrmlive.com/'.</msg>
<status status="PASS" starttime="20220324 18:39:04.937" endtime="20220324 18:39:10.710"/>
</kw>
<kw name="Maximize Browser Window" library="SeleniumLibrary">
<doc>Maximizes current browser window.</doc>
<status status="PASS" starttime="20220324 18:39:10.712" endtime="20220324 18:39:10.824"/>
</kw>
<kw name="Set Browser Implicit Wait" library="SeleniumLibrary">
<arg>10</arg>
<doc>Sets the implicit wait value used by Selenium.</doc>
<status status="PASS" starttime="20220324 18:39:10.824" endtime="20220324 18:39:10.825"/>
</kw>
<kw name="Input Text" library="SeleniumLibrary">
<arg>id=txtUsername</arg>
<arg>Admin</arg>
<doc>Types the given ``text`` into the text field identified by ``locator``.</doc>
<msg timestamp="20220324 18:39:10.826" level="INFO">Typing text 'Admin' into text field 'id=txtUsername'.</msg>
<status status="PASS" starttime="20220324 18:39:10.826" endtime="20220324 18:39:10.890"/>
</kw>
<kw name="Input Password" library="SeleniumLibrary">
<arg>id=txtPassword</arg>
<arg>admin123</arg>
<doc>Types the given password into the text field identified by ``locator``.</doc>
<msg timestamp="20220324 18:39:10.890" level="INFO">Typing password into text field 'id=txtPassword'.</msg>
<msg timestamp="20220324 18:39:10.925" level="INFO">Temporally setting log level to: NONE</msg>
<msg timestamp="20220324 18:39:10.957" level="INFO">Log level changed from NONE to INFO.</msg>
<status status="PASS" starttime="20220324 18:39:10.890" endtime="20220324 18:39:10.957"/>
</kw>
<kw name="Click Button" library="SeleniumLibrary">
<arg>id=btnLogin</arg>
<doc>Clicks the button identified by ``locator``.</doc>
<msg timestamp="20220324 18:39:10.958" level="INFO">Clicking button 'id=btnLogin'.</msg>
<status status="PASS" starttime="20220324 18:39:10.957" endtime="20220324 18:39:16.235"/>
</kw>
<kw name="Click Element" library="SeleniumLibrary">
<arg>id=welcome</arg>
<doc>Click the element identified by ``locator``.</doc>
<msg timestamp="20220324 18:39:16.235" level="INFO">Clicking element 'id=welcome'.</msg>
<status status="PASS" starttime="20220324 18:39:16.235" endtime="20220324 18:39:16.274"/>
</kw>
<kw name="Click Element" library="SeleniumLibrary">
<arg>link=Logout</arg>
<doc>Click the element identified by ``locator``.</doc>
<msg timestamp="20220324 18:39:16.275" level="INFO">Clicking element 'link=Logout'.</msg>
<status status="PASS" starttime="20220324 18:39:16.275" endtime="20220324 18:39:17.593"/>
</kw>
<kw name="Close Browser" library="SeleniumLibrary">
<doc>Closes the current browser.</doc>
<status status="PASS" starttime="20220324 18:39:17.593" endtime="20220324 18:39:17.650"/>
</kw>
<kw name="Log" library="BuiltIn">
<arg>Test completed</arg>
<doc>Logs the given message with the given level.</doc>
<msg timestamp="20220324 18:39:17.651" level="INFO">Test completed</msg>
<status status="PASS" starttime="20220324 18:39:17.651" endtime="20220324 18:39:17.651"/>
</kw>
<doc>This is a sample login test</doc>
<status status="PASS" starttime="20220324 18:39:04.937" endtime="20220324 18:39:17.651"/>
</test>
<status status="PASS" starttime="20220324 18:39:02.371" endtime="20220324 18:39:17.652"/>
</suite>
<statistics>
<total>
<stat pass="3" fail="0" skip="0">All Tests</stat>
</total>
<tag>
</tag>
<suite>
<stat pass="3" fail="0" skip="0" id="s1" name="Login">Login</stat>
</suite>
</statistics>
<errors>
</errors>
</robot>
